2019-01-30 23:03:30|c171a4878c16|INFO|Starting a new instance of the logger_example.py script
2019-01-30 23:03:30|c171a4878c16|INFO|Did something
2019-01-30 23:03:30|c171a4878c16|INFO|Man the Lifeboats! Women and children first!
2019-01-30 23:03:30|c171a4878c16|INFO|Now deleting all files. Goodbye
2019-01-30 23:03:30|c171a4878c16|INFO|Keyboard not present, press any key
2019-01-30 23:03:30|c171a4878c16|INFO|OHHHH…. I give up Core dumped
2019-01-30 23:03:30|c171a4878c16|INFO|Invalid Error
2019-01-30 23:03:30|c171a4878c16|INFO|Keyboard not present, press any key
2019-01-30 23:03:30|c171a4878c16|INFO|Invalid Error
2019-01-30 23:03:30|c171a4878c16|INFO|Invalid Error
2019-01-30 23:03:30|c171a4878c16|INFO|minor alarm
2019-01-30 23:03:30|c171a4878c16|INFO|Out of order
2019-01-30 23:03:30|c171a4878c16|INFO|Maybe you should try asking a human?
2019-01-30 23:03:30|c171a4878c16|INFO|Invalid Error
2019-01-30 23:03:30|c171a4878c16|INFO|That makes 100 errors; please try again.
2019-01-30 23:03:30|c171a4878c16|INFO|Maybe you should try asking a human?
2019-01-30 23:03:30|c171a4878c16|INFO|Keyboard not present, press any key
2019-01-30 23:03:30|c171a4878c16|INFO|Man the Lifeboats! Women and children first!
2019-01-30 23:03:30|c171a4878c16|INFO|That makes 100 errors; please try again.
2019-01-30 23:03:30|c171a4878c16|INFO|Out of order
2019-01-30 23:03:30|c171a4878c16|INFO|Maybe you should try asking a human?
2019-01-30 23:03:30|c171a4878c16|INFO|Mysterious Error -nnn
2019-01-30 23:03:30|c171a4878c16|INFO|Mysterious Error -nnn
2019-01-30 23:03:30|c171a4878c16|INFO|Mysterious Error -nnn
2019-01-30 23:03:30|c171a4878c16|INFO|The impossible has happened!
2019-01-30 23:03:30|c171a4878c16|INFO|The impossible has happened!
2019-01-30 23:03:30|c171a4878c16|INFO|Maybe you should try asking a human?
2019-01-30 23:03:30|c171a4878c16|INFO|Mysterious Error -nnn
2019-01-30 23:03:30|c171a4878c16|INFO|The impossible has happened!
2019-01-30 23:03:30|c171a4878c16|INFO|Keyboard not present, press any key
2019-01-30 23:03:30|c171a4878c16|INFO|Mysterious Error -nnn
2019-01-30 23:03:30|c171a4878c16|INFO|The impossible has happened!
2019-01-30 23:03:30|c171a4878c16|INFO|The impossible has happened!
2019-01-30 23:03:30|c171a4878c16|INFO|very funny
2019-01-30 23:03:30|c171a4878c16|INFO|Now deleting all files. Goodbye
2019-01-30 23:03:30|c171a4878c16|INFO|Maybe you should try asking a human?
2019-01-30 23:03:30|c171a4878c16|INFO|minor alarm
2019-01-30 23:03:30|c171a4878c16|INFO|Maybe you should try asking a human?
2019-01-30 23:03:30|c171a4878c16|INFO|The impossible has happened!
2019-01-30 23:03:30|c171a4878c16|INFO|OHHHH…. I give up Core dumped
2019-01-30 23:03:30|c171a4878c16|INFO|Mysterious Error -nnn
2019-01-30 23:03:30|c171a4878c16|INFO|very funny
2019-01-30 23:03:30|c171a4878c16|INFO|Mysterious Error -nnn
2019-01-30 23:03:30|c171a4878c16|INFO|Out of order
2019-01-30 23:03:30|c171a4878c16|INFO|Out of order
2019-01-30 23:03:30|c171a4878c16|INFO|Invalid Error
2019-01-30 23:03:30|c171a4878c16|INFO|very funny
2019-01-30 23:03:30|c171a4878c16|INFO|Mysterious Error -nnn
2019-01-30 23:03:30|c171a4878c16|INFO|Out of order
2019-01-30 23:03:30|c171a4878c16|INFO|That makes 100 errors; please try again.
2019-01-30 23:03:30|c171a4878c16|INFO|Maybe you should try asking a human?
2019-01-30 23:03:30|c171a4878c16|INFO|very funny
2019-01-30 23:03:30|c171a4878c16|INFO|The logger_example.py script is now complete
2019-01-30 23:06:47|d80cc4a50b7f|INFO|Starting a new instance of the logger_example.py script
2019-01-30 23:06:47|d80cc4a50b7f|INFO|Did something
2019-01-30 23:06:47|d80cc4a50b7f|INFO|Man the Lifeboats! Women and children first!
2019-01-30 23:06:47|d80cc4a50b7f|INFO|very funny
2019-01-30 23:06:47|d80cc4a50b7f|INFO|Keyboard not present, press any key
2019-01-30 23:06:47|d80cc4a50b7f|INFO|minor alarm
2019-01-30 23:06:47|d80cc4a50b7f|INFO|Now deleting all files. Goodbye
2019-01-30 23:06:47|d80cc4a50b7f|INFO|minor alarm
2019-01-30 23:06:47|d80cc4a50b7f|INFO|The impossible has happened!
2019-01-30 23:06:47|d80cc4a50b7f|INFO|Invalid Error
2019-01-30 23:06:47|d80cc4a50b7f|INFO|OHHHH…. I give up Core dumped
2019-01-30 23:06:47|d80cc4a50b7f|INFO|Keyboard not present, press any key
2019-01-30 23:06:47|d80cc4a50b7f|INFO|minor alarm
2019-01-30 23:06:47|d80cc4a50b7f|INFO|That makes 100 errors; please try again.
2019-01-30 23:06:47|d80cc4a50b7f|INFO|Mysterious Error -nnn
2019-01-30 23:06:47|d80cc4a50b7f|INFO|That makes 100 errors; please try again.
2019-01-30 23:06:47|d80cc4a50b7f|INFO|OHHHH…. I give up Core dumped
2019-01-30 23:06:47|d80cc4a50b7f|INFO|Man the Lifeboats! Women and children first!
2019-01-30 23:06:47|d80cc4a50b7f|INFO|Out of order
2019-01-30 23:06:47|d80cc4a50b7f|INFO|minor alarm
2019-01-30 23:06:47|d80cc4a50b7f|INFO|Man the Lifeboats! Women and children first!
2019-01-30 23:06:47|d80cc4a50b7f|INFO|Maybe you should try asking a human?
2019-01-30 23:06:47|d80cc4a50b7f|INFO|Maybe you should try asking a human?
2019-01-30 23:06:47|d80cc4a50b7f|INFO|Out of order
2019-01-30 23:06:47|d80cc4a50b7f|INFO|Man the Lifeboats! Women and children first!
2019-01-30 23:06:47|d80cc4a50b7f|INFO|That makes 100 errors; please try again.
2019-01-30 23:06:47|d80cc4a50b7f|INFO|Out of order
2019-01-30 23:06:47|d80cc4a50b7f|INFO|Mysterious Error -nnn
2019-01-30 23:06:47|d80cc4a50b7f|INFO|The impossible has happened!
2019-01-30 23:06:47|d80cc4a50b7f|INFO|Mysterious Error -nnn
2019-01-30 23:06:47|d80cc4a50b7f|INFO|very funny
2019-01-30 23:06:47|d80cc4a50b7f|INFO|Keyboard not present, press any key
2019-01-30 23:06:47|d80cc4a50b7f|INFO|Invalid Error
2019-01-30 23:06:47|d80cc4a50b7f|INFO|Now deleting all files. Goodbye
2019-01-30 23:06:47|d80cc4a50b7f|INFO|That makes 100 errors; please try again.
2019-01-30 23:06:47|d80cc4a50b7f|INFO|Maybe you should try asking a human?
2019-01-30 23:06:47|d80cc4a50b7f|INFO|The impossible has happened!
2019-01-30 23:06:47|d80cc4a50b7f|INFO|Keyboard not present, press any key
2019-01-30 23:06:47|d80cc4a50b7f|INFO|That makes 100 errors; please try again.
2019-01-30 23:06:47|d80cc4a50b7f|INFO|very funny
2019-01-30 23:06:47|d80cc4a50b7f|INFO|Invalid Error
2019-01-30 23:06:47|d80cc4a50b7f|INFO|The impossible has happened!
2019-01-30 23:06:47|d80cc4a50b7f|INFO|Man the Lifeboats! Women and children first!
2019-01-30 23:06:47|d80cc4a50b7f|INFO|Now deleting all files. Goodbye
2019-01-30 23:06:47|d80cc4a50b7f|INFO|Out of order
2019-01-30 23:06:47|d80cc4a50b7f|INFO|Mysterious Error -nnn
2019-01-30 23:06:47|d80cc4a50b7f|INFO|very funny
2019-01-30 23:06:47|d80cc4a50b7f|INFO|Maybe you should try asking a human?
2019-01-30 23:06:47|d80cc4a50b7f|INFO|very funny
2019-01-30 23:06:47|d80cc4a50b7f|INFO|Now deleting all files. Goodbye
2019-01-30 23:06:47|d80cc4a50b7f|INFO|Out of order
2019-01-30 23:06:47|d80cc4a50b7f|INFO|minor alarm
2019-01-30 23:06:47|d80cc4a50b7f|INFO|The logger_example.py script is now complete
